2022-03-10 14:18:30.286  INFO 13756 --- [restartedMain] c.c.c.ConfigServicePropertySourceLocator : Fetching config from server at : http://localhost:8888
2022-03-10 14:18:32.121  INFO 13756 --- [restartedMain] c.c.c.ConfigServicePropertySourceLocator : Connect Timeout Exception on Url - http://localhost:8888. Will be trying the next url if available
2022-03-10 14:18:32.124  WARN 13756 --- [restartedMain] c.c.c.ConfigServicePropertySourceLocator : Could not locate PropertySource: I/O error on GET request for "http://localhost:8888/tweet-ms/default": Connection refused: no further information; nested exception is java.net.ConnectException: Connection refused: no further information
2022-03-10 14:18:32.129  INFO 13756 --- [restartedMain] c.t.t.TweetServiceApplication            : No active profile set, falling back to default profiles: default
2022-03-10 14:19:32.514  INFO 13756 --- [restartedMain] o.s.cloud.context.scope.GenericScope     : BeanFactory id=e824b47e-4845-3e89-85c9-6ee489320cc6
2022-03-10 14:19:52.363  INFO 13756 --- [restartedMain] o.s.b.w.embedded.tomcat.TomcatWebServer  : Tomcat initialized with port(s): 8086 (http)
2022-03-10 14:19:52.970  INFO 13756 --- [restartedMain] o.apache.catalina.core.StandardService   : Starting service [Tomcat]
2022-03-10 14:19:52.974  INFO 13756 --- [restartedMain] org.apache.catalina.core.StandardEngine  : Starting Servlet engine: [Apache Tomcat/9.0.56]
2022-03-10 14:20:12.815  INFO 13756 --- [restartedMain] o.a.c.c.C.[.[.[/api/v1.0/tweets/tweet]   : Initializing Spring embedded WebApplicationContext
2022-03-10 14:20:12.816  INFO 13756 --- [restartedMain] w.s.c.ServletWebServerApplicationContext : Root WebApplicationContext: initialization completed in 100496 ms
2022-03-10 14:20:57.846  INFO 13756 --- [restartedMain] o.s.b.d.a.OptionalLiveReloadServer       : LiveReload server is running on port 35729
2022-03-10 14:22:18.566  INFO 13756 --- [restartedMain] o.s.b.a.e.web.EndpointLinksResolver      : Exposing 17 endpoint(s) beneath base path '/actuator'
2022-03-10 14:22:26.375  INFO 13756 --- [restartedMain] o.s.b.w.embedded.tomcat.TomcatWebServer  : Tomcat started on port(s): 8086 (http) with context path '/api/v1.0/tweets/tweet'
2022-03-10 14:22:27.914  INFO 13756 --- [restartedMain] c.t.t.TweetServiceApplication            : Started TweetServiceApplication in 300.135 seconds (JVM running for 356.733)
2022-03-10 14:22:28.062  INFO 13756 --- [restartedMain] c.t.t.controller.TweetServiceController  : Tweet microservice started....
2022-03-10 15:58:30.625  INFO 13756 --- [http-nio-8086-exec-1] o.a.c.c.C.[.[.[/api/v1.0/tweets/tweet]   : Initializing Spring DispatcherServlet 'dispatcherServlet'
2022-03-10 15:58:31.508  INFO 13756 --- [http-nio-8086-exec-1] o.s.web.servlet.DispatcherServlet        : Initializing Servlet 'dispatcherServlet'
2022-03-10 15:58:34.957  INFO 13756 --- [http-nio-8086-exec-1] o.s.web.servlet.DispatcherServlet        : Completed initialization in 3448 ms
2022-03-10 15:58:54.256  INFO 13756 --- [http-nio-8086-exec-3] c.t.t.service.TweetServiceImpl           : All tweets fetched successfully
2022-03-10 15:58:54.256  INFO 13756 --- [http-nio-8086-exec-2] c.t.t.service.TweetServiceImpl           : Tweet posted successfully
2022-03-10 15:59:04.964 ERROR 13756 --- [http-nio-8086-exec-4] o.a.c.c.C.[.[.[.0.[dispatcherServlet]    : Servlet.service() for servlet [dispatcherServlet] in context with path [/api/v1.0/tweets/tweet] threw exception [Request processing failed; nested exception is com.amazonaws.services.dynamodbv2.datamodeling.DynamoDBMappingException: UserTweet[id]; could not unconvert attribute] with root cause

java.lang.NullPointerException: Cannot invoke "java.lang.reflect.Method.invoke(Object, Object[])" because "this.setter" is null
	at com.amazonaws.services.dynamodbv2.datamodeling.StandardBeanProperties$MethodReflect.set(StandardBeanProperties.java:133) ~[aws-java-sdk-dynamodb-1.12.172.jar:na]
	at com.amazonaws.services.dynamodbv2.datamodeling.DynamoDBMapperFieldModel.set(DynamoDBMapperFieldModel.java:111) ~[aws-java-sdk-dynamodb-1.12.172.jar:na]
	at com.amazonaws.services.dynamodbv2.datamodeling.DynamoDBMapperFieldModel.unconvertAndSet(DynamoDBMapperFieldModel.java:164) ~[aws-java-sdk-dynamodb-1.12.172.jar:na]
	at com.amazonaws.services.dynamodbv2.datamodeling.DynamoDBMapperTableModel.unconvert(DynamoDBMapperTableModel.java:267) ~[aws-java-sdk-dynamodb-1.12.172.jar:na]
	at com.amazonaws.services.dynamodbv2.datamodeling.DynamoDBMapper.privateMarshallIntoObject(DynamoDBMapper.java:472) ~[aws-java-sdk-dynamodb-1.12.172.jar:na]
	at com.amazonaws.services.dynamodbv2.datamodeling.DynamoDBMapper.marshallIntoObjects(DynamoDBMapper.java:500) ~[aws-java-sdk-dynamodb-1.12.172.jar:na]
	at com.amazonaws.services.dynamodbv2.datamodeling.PaginatedScanList.<init>(PaginatedScanList.java:64) ~[aws-java-sdk-dynamodb-1.12.172.jar:na]
	at com.amazonaws.services.dynamodbv2.datamodeling.DynamoDBMapper.scan(DynamoDBMapper.java:1571) ~[aws-java-sdk-dynamodb-1.12.172.jar:na]
	at com.amazonaws.services.dynamodbv2.datamodeling.AbstractDynamoDBMapper.scan(AbstractDynamoDBMapper.java:236) ~[aws-java-sdk-dynamodb-1.12.172.jar:na]
	at com.tweetapp.tweetservice.repository.TweetRepository.findAll(TweetRepository.java:31) ~[classes/:na]
	at com.tweetapp.tweetservice.repository.TweetRepository$$FastClassBySpringCGLIB$$381ce9d0.invoke(<generated>) ~[classes/:na]
	at org.springframework.cglib.proxy.MethodProxy.invoke(MethodProxy.java:218) ~[spring-core-5.3.14.jar:5.3.14]
	at org.springframework.aop.framework.CglibAopProxy$CglibMethodInvocation.invokeJoinpoint(CglibAopProxy.java:783) ~[spring-aop-5.3.14.jar:5.3.14]
	at org.springframework.aop.framework.ReflectiveMethodInvocation.proceed(ReflectiveMethodInvocation.java:163) ~[spring-aop-5.3.14.jar:5.3.14]
	at org.springframework.aop.framework.CglibAopProxy$CglibMethodInvocation.proceed(CglibAopProxy.java:753) ~[spring-aop-5.3.14.jar:5.3.14]
	at org.springframework.dao.support.PersistenceExceptionTranslationInterceptor.invoke(PersistenceExceptionTranslationInterceptor.java:137) ~[spring-tx-5.3.14.jar:5.3.14]
	at org.springframework.aop.framework.ReflectiveMethodInvocation.proceed(ReflectiveMethodInvocation.java:186) ~[spring-aop-5.3.14.jar:5.3.14]
	at org.springframework.aop.framework.CglibAopProxy$CglibMethodInvocation.proceed(CglibAopProxy.java:753) ~[spring-aop-5.3.14.jar:5.3.14]
	at org.springframework.aop.framework.CglibAopProxy$DynamicAdvisedInterceptor.intercept(CglibAopProxy.java:698) ~[spring-aop-5.3.14.jar:5.3.14]
	at com.tweetapp.tweetservice.repository.TweetRepository$$EnhancerBySpringCGLIB$$b1714ffb.findAll(<generated>) ~[classes/:na]
	at com.tweetapp.tweetservice.service.TweetServiceImpl.getAllTweets(TweetServiceImpl.java:64) ~[classes/:na]
	at com.tweetapp.tweetservice.controller.TweetServiceController.getAllTweets(TweetServiceController.java:36) ~[classes/:na]
	at java.base/jdk.internal.reflect.NativeMethodAccessorImpl.invoke0(Native Method) ~[na:na]
	at java.base/jdk.internal.reflect.NativeMethodAccessorImpl.invoke(NativeMethodAccessorImpl.java:78) ~[na:na]
	at java.base/jdk.internal.reflect.DelegatingMethodAccessorImpl.invoke(DelegatingMethodAccessorImpl.java:43) ~[na:na]
	at java.base/java.lang.reflect.Method.invoke(Method.java:567) ~[na:na]
	at org.springframework.web.method.support.InvocableHandlerMethod.doInvoke(InvocableHandlerMethod.java:205) ~[spring-web-5.3.14.jar:5.3.14]
	at org.springframework.web.method.support.InvocableHandlerMethod.invokeForRequest(InvocableHandlerMethod.java:150) ~[spring-web-5.3.14.jar:5.3.14]
	at org.springframework.web.servlet.mvc.method.annotation.ServletInvocableHandlerMethod.invokeAndHandle(ServletInvocableHandlerMethod.java:117) ~[spring-webmvc-5.3.14.jar:5.3.14]
	at org.springframework.web.servlet.mvc.method.annotation.RequestMappingHandlerAdapter.invokeHandlerMethod(RequestMappingHandlerAdapter.java:895) ~[spring-webmvc-5.3.14.jar:5.3.14]
	at org.springframework.web.servlet.mvc.method.annotation.RequestMappingHandlerAdapter.handleInternal(RequestMappingHandlerAdapter.java:808) ~[spring-webmvc-5.3.14.jar:5.3.14]
	at org.springframework.web.servlet.mvc.method.AbstractHandlerMethodAdapter.handle(AbstractHandlerMethodAdapter.java:87) ~[spring-webmvc-5.3.14.jar:5.3.14]
	at org.springframework.web.servlet.DispatcherServlet.doDispatch(DispatcherServlet.java:1067) ~[spring-webmvc-5.3.14.jar:5.3.14]
	at org.springframework.web.servlet.DispatcherServlet.doService(DispatcherServlet.java:963) ~[spring-webmvc-5.3.14.jar:5.3.14]
	at org.springframework.web.servlet.FrameworkServlet.processRequest(FrameworkServlet.java:1006) ~[spring-webmvc-5.3.14.jar:5.3.14]
	at org.springframework.web.servlet.FrameworkServlet.doGet(FrameworkServlet.java:898) ~[spring-webmvc-5.3.14.jar:5.3.14]
	at javax.servlet.http.HttpServlet.service(HttpServlet.java:655) ~[tomcat-embed-core-9.0.56.jar:4.0.FR]
	at org.springframework.web.servlet.FrameworkServlet.service(FrameworkServlet.java:883) ~[spring-webmvc-5.3.14.jar:5.3.14]
	at javax.servlet.http.HttpServlet.service(HttpServlet.java:764) ~[tomcat-embed-core-9.0.56.jar:4.0.FR]
	at org.apache.catalina.core.ApplicationFilterChain.internalDoFilter(ApplicationFilterChain.java:227) ~[tomcat-embed-core-9.0.56.jar:9.0.56]
	at org.apache.catalina.core.ApplicationFilterChain.doFilter(ApplicationFilterChain.java:162) ~[tomcat-embed-core-9.0.56.jar:9.0.56]
	at org.apache.tomcat.websocket.server.WsFilter.doFilter(WsFilter.java:53) ~[tomcat-embed-websocket-9.0.56.jar:9.0.56]
	at org.apache.catalina.core.ApplicationFilterChain.internalDoFilter(ApplicationFilterChain.java:189) ~[tomcat-embed-core-9.0.56.jar:9.0.56]
	at org.apache.catalina.core.ApplicationFilterChain.doFilter(ApplicationFilterChain.java:162) ~[tomcat-embed-core-9.0.56.jar:9.0.56]
	at org.springframework.web.filter.RequestContextFilter.doFilterInternal(RequestContextFilter.java:100) ~[spring-web-5.3.14.jar:5.3.14]
	at org.springframework.web.filter.OncePerRequestFilter.doFilter(OncePerRequestFilter.java:117) ~[spring-web-5.3.14.jar:5.3.14]
	at org.apache.catalina.core.ApplicationFilterChain.internalDoFilter(ApplicationFilterChain.java:189) ~[tomcat-embed-core-9.0.56.jar:9.0.56]
	at org.apache.catalina.core.ApplicationFilterChain.doFilter(ApplicationFilterChain.java:162) ~[tomcat-embed-core-9.0.56.jar:9.0.56]
	at org.springframework.web.filter.FormContentFilter.doFilterInternal(FormContentFilter.java:93) ~[spring-web-5.3.14.jar:5.3.14]
	at org.springframework.web.filter.OncePerRequestFilter.doFilter(OncePerRequestFilter.java:117) ~[spring-web-5.3.14.jar:5.3.14]
	at org.apache.catalina.core.ApplicationFilterChain.internalDoFilter(ApplicationFilterChain.java:189) ~[tomcat-embed-core-9.0.56.jar:9.0.56]
	at org.apache.catalina.core.ApplicationFilterChain.doFilter(ApplicationFilterChain.java:162) ~[tomcat-embed-core-9.0.56.jar:9.0.56]
	at org.springframework.boot.actuate.metrics.web.servlet.WebMvcMetricsFilter.doFilterInternal(WebMvcMetricsFilter.java:96) ~[spring-boot-actuator-2.6.2.jar:2.6.2]
	at org.springframework.web.filter.OncePerRequestFilter.doFilter(OncePerRequestFilter.java:117) ~[spring-web-5.3.14.jar:5.3.14]
	at org.apache.catalina.core.ApplicationFilterChain.internalDoFilter(ApplicationFilterChain.java:189) ~[tomcat-embed-core-9.0.56.jar:9.0.56]
	at org.apache.catalina.core.ApplicationFilterChain.doFilter(ApplicationFilterChain.java:162) ~[tomcat-embed-core-9.0.56.jar:9.0.56]
	at org.springframework.web.filter.CharacterEncodingFilter.doFilterInternal(CharacterEncodingFilter.java:201) ~[spring-web-5.3.14.jar:5.3.14]
	at org.springframework.web.filter.OncePerRequestFilter.doFilter(OncePerRequestFilter.java:117) ~[spring-web-5.3.14.jar:5.3.14]
	at org.apache.catalina.core.ApplicationFilterChain.internalDoFilter(ApplicationFilterChain.java:189) ~[tomcat-embed-core-9.0.56.jar:9.0.56]
	at org.apache.catalina.core.ApplicationFilterChain.doFilter(ApplicationFilterChain.java:162) ~[tomcat-embed-core-9.0.56.jar:9.0.56]
	at org.apache.catalina.core.StandardWrapperValve.invoke(StandardWrapperValve.java:197) ~[tomcat-embed-core-9.0.56.jar:9.0.56]
	at org.apache.catalina.core.StandardContextValve.invoke(StandardContextValve.java:97) ~[tomcat-embed-core-9.0.56.jar:9.0.56]
	at org.apache.catalina.authenticator.AuthenticatorBase.invoke(AuthenticatorBase.java:540) ~[tomcat-embed-core-9.0.56.jar:9.0.56]
	at org.apache.catalina.core.StandardHostValve.invoke(StandardHostValve.java:135) ~[tomcat-embed-core-9.0.56.jar:9.0.56]
	at org.apache.catalina.valves.ErrorReportValve.invoke(ErrorReportValve.java:92) ~[tomcat-embed-core-9.0.56.jar:9.0.56]
	at org.apache.catalina.core.StandardEngineValve.invoke(StandardEngineValve.java:78) ~[tomcat-embed-core-9.0.56.jar:9.0.56]
	at org.apache.catalina.connector.CoyoteAdapter.service(CoyoteAdapter.java:357) ~[tomcat-embed-core-9.0.56.jar:9.0.56]
	at org.apache.coyote.http11.Http11Processor.service(Http11Processor.java:382) ~[tomcat-embed-core-9.0.56.jar:9.0.56]
	at org.apache.coyote.AbstractProcessorLight.process(AbstractProcessorLight.java:65) ~[tomcat-embed-core-9.0.56.jar:9.0.56]
	at org.apache.coyote.AbstractProtocol$ConnectionHandler.process(AbstractProtocol.java:895) ~[tomcat-embed-core-9.0.56.jar:9.0.56]
	at org.apache.tomcat.util.net.NioEndpoint$SocketProcessor.doRun(NioEndpoint.java:1732) ~[tomcat-embed-core-9.0.56.jar:9.0.56]
	at org.apache.tomcat.util.net.SocketProcessorBase.run(SocketProcessorBase.java:49) ~[tomcat-embed-core-9.0.56.jar:9.0.56]
	at org.apache.tomcat.util.threads.ThreadPoolExecutor.runWorker(ThreadPoolExecutor.java:1191) ~[tomcat-embed-core-9.0.56.jar:9.0.56]
	at org.apache.tomcat.util.threads.ThreadPoolExecutor$Worker.run(ThreadPoolExecutor.java:659) ~[tomcat-embed-core-9.0.56.jar:9.0.56]
	at org.apache.tomcat.util.threads.TaskThread$WrappingRunnable.run(TaskThread.java:61) ~[tomcat-embed-core-9.0.56.jar:9.0.56]
	at java.base/java.lang.Thread.run(Thread.java:831) ~[na:na]

2022-03-10 16:06:25.399  INFO 13756 --- [RMI TCP Connection(131)-127.0.0.1] inMXBeanRegistrar$SpringApplicationAdmin : Application shutdown requested.
2022-03-10 16:06:28.292  INFO 13756 --- [RMI TCP Connection(131)-127.0.0.1] o.apache.catalina.core.StandardService   : Stopping service [Tomcat]
2022-03-10 16:06:29.664  INFO 13756 --- [RMI TCP Connection(131)-127.0.0.1] o.a.c.c.C.[.[.[/api/v1.0/tweets/tweet]   : Destroying Spring FrameworkServlet 'dispatcherServlet'
2022-03-10 16:09:30.799  INFO 13428 --- [restartedMain] c.c.c.ConfigServicePropertySourceLocator : Fetching config from server at : http://localhost:8888
2022-03-10 16:09:31.469  INFO 13428 --- [restartedMain] c.c.c.ConfigServicePropertySourceLocator : Connect Timeout Exception on Url - http://localhost:8888. Will be trying the next url if available
2022-03-10 16:09:31.471  WARN 13428 --- [restartedMain] c.c.c.ConfigServicePropertySourceLocator : Could not locate PropertySource: I/O error on GET request for "http://localhost:8888/tweet-ms/default": Connection refused: no further information; nested exception is java.net.ConnectException: Connection refused: no further information
2022-03-10 16:09:31.477  INFO 13428 --- [restartedMain] c.t.t.TweetServiceApplication            : No active profile set, falling back to default profiles: default
2022-03-10 16:09:46.583  INFO 13428 --- [restartedMain] o.s.cloud.context.scope.GenericScope     : BeanFactory id=e824b47e-4845-3e89-85c9-6ee489320cc6
2022-03-10 16:09:51.652  INFO 13428 --- [restartedMain] o.s.b.w.embedded.tomcat.TomcatWebServer  : Tomcat initialized with port(s): 8086 (http)
2022-03-10 16:09:51.940  INFO 13428 --- [restartedMain] o.apache.catalina.core.StandardService   : Starting service [Tomcat]
2022-03-10 16:09:51.941  INFO 13428 --- [restartedMain] org.apache.catalina.core.StandardEngine  : Starting Servlet engine: [Apache Tomcat/9.0.56]
2022-03-10 16:09:52.929  INFO 13428 --- [restartedMain] o.a.c.c.C.[.[.[/api/v1.0/tweets/tweet]   : Initializing Spring embedded WebApplicationContext
2022-03-10 16:09:52.932  INFO 13428 --- [restartedMain] w.s.c.ServletWebServerApplicationContext : Root WebApplicationContext: initialization completed in 21065 ms
2022-03-10 16:10:00.991  INFO 13428 --- [restartedMain] o.s.b.d.a.OptionalLiveReloadServer       : LiveReload server is running on port 35729
2022-03-10 16:10:12.379  INFO 13428 --- [restartedMain] o.s.b.a.e.web.EndpointLinksResolver      : Exposing 17 endpoint(s) beneath base path '/actuator'
2022-03-10 16:10:12.976  INFO 13428 --- [restartedMain] o.s.b.w.embedded.tomcat.TomcatWebServer  : Tomcat started on port(s): 8086 (http) with context path '/api/v1.0/tweets/tweet'
2022-03-10 16:10:13.488  INFO 13428 --- [restartedMain] c.t.t.TweetServiceApplication            : Started TweetServiceApplication in 53.186 seconds (JVM running for 72.33)
2022-03-10 16:10:13.562  INFO 13428 --- [restartedMain] c.t.t.controller.TweetServiceController  : Tweet microservice started....
2022-03-10 16:11:24.802  INFO 13428 --- [http-nio-8086-exec-1] o.a.c.c.C.[.[.[/api/v1.0/tweets/tweet]   : Initializing Spring DispatcherServlet 'dispatcherServlet'
2022-03-10 16:11:24.804  INFO 13428 --- [http-nio-8086-exec-1] o.s.web.servlet.DispatcherServlet        : Initializing Servlet 'dispatcherServlet'
2022-03-10 16:11:24.812  INFO 13428 --- [http-nio-8086-exec-1] o.s.web.servlet.DispatcherServlet        : Completed initialization in 7 ms
2022-03-10 16:11:33.614  INFO 13428 --- [http-nio-8086-exec-1] c.t.t.service.TweetServiceImpl           : All tweets fetched successfully
2022-03-10 16:12:29.095  INFO 13428 --- [http-nio-8086-exec-3] c.t.t.service.TweetServiceImpl           : Tweet posted successfully
2022-03-10 16:12:29.941  INFO 13428 --- [http-nio-8086-exec-4] c.t.t.service.TweetServiceImpl           : All tweets fetched successfully
2022-03-10 16:13:39.787  INFO 13428 --- [http-nio-8086-exec-8] c.t.t.service.TweetServiceImpl           : All tweets fetched successfully
2022-03-10 16:14:00.564  INFO 13428 --- [http-nio-8086-exec-2] c.t.t.service.TweetServiceImpl           : All tweets fetched successfully
2022-03-10 16:14:10.215  INFO 13428 --- [http-nio-8086-exec-6] c.t.t.service.TweetServiceImpl           : All tweets fetched successfully
2022-03-10 16:14:24.872  INFO 13428 --- [http-nio-8086-exec-9] c.t.t.service.TweetServiceImpl           : All tweets of the user fetched successfully
2022-03-10 16:15:50.609  INFO 13428 --- [http-nio-8086-exec-2] c.t.t.service.TweetServiceImpl           : All tweets fetched successfully
2022-03-10 17:06:26.170  INFO 13428 --- [http-nio-8086-exec-7] c.t.t.service.TweetServiceImpl           : All tweets fetched successfully
2022-03-10 17:09:06.714  INFO 13428 --- [http-nio-8086-exec-9] c.t.t.service.TweetServiceImpl           : All tweets fetched successfully
2022-03-10 17:15:41.612  INFO 13428 --- [http-nio-8086-exec-1] c.t.t.service.TweetServiceImpl           : All tweets fetched successfully
2022-03-10 17:17:41.614  INFO 13428 --- [http-nio-8086-exec-3] c.t.t.service.TweetServiceImpl           : All tweets fetched successfully
2022-03-10 17:19:46.084  INFO 13428 --- [http-nio-8086-exec-5] c.t.t.service.TweetServiceImpl           : All tweets fetched successfully
2022-03-10 17:20:42.166  INFO 13428 --- [http-nio-8086-exec-7] c.t.t.service.TweetServiceImpl           : All tweets fetched successfully
2022-03-10 17:22:16.697  INFO 13428 --- [http-nio-8086-exec-9] c.t.t.service.TweetServiceImpl           : All tweets fetched successfully
2022-03-10 17:24:10.692  INFO 13428 --- [http-nio-8086-exec-1] c.t.t.service.TweetServiceImpl           : All tweets fetched successfully
2022-03-10 17:25:13.629  INFO 13428 --- [http-nio-8086-exec-3] c.t.t.service.TweetServiceImpl           : All tweets fetched successfully
2022-03-10 17:27:24.358  INFO 13428 --- [http-nio-8086-exec-8] c.t.t.service.TweetServiceImpl           : All tweets fetched successfully
2022-03-10 17:29:35.392  INFO 13428 --- [http-nio-8086-exec-1] c.t.t.service.TweetServiceImpl           : All tweets of the user fetched successfully
2022-03-10 17:29:37.027  INFO 13428 --- [http-nio-8086-exec-2] c.t.t.service.TweetServiceImpl           : All tweets fetched successfully
2022-03-10 17:30:19.387  INFO 13428 --- [http-nio-8086-exec-6] c.t.t.service.TweetServiceImpl           : Tweet posted successfully
2022-03-10 17:30:20.645  INFO 13428 --- [http-nio-8086-exec-7] c.t.t.service.TweetServiceImpl           : All tweets fetched successfully
2022-03-10 17:32:04.057  INFO 13428 --- [http-nio-8086-exec-9] c.t.t.service.TweetServiceImpl           : All tweets fetched successfully
2022-03-10 17:32:50.734  INFO 13428 --- [http-nio-8086-exec-3] c.t.t.service.TweetServiceImpl           : All tweets fetched successfully
2022-03-10 17:33:04.026  INFO 13428 --- [http-nio-8086-exec-7] c.t.t.service.TweetServiceImpl           : All tweets fetched successfully
2022-03-10 17:33:27.301  INFO 13428 --- [http-nio-8086-exec-10] c.t.t.service.TweetServiceImpl           : Replies of the tweet fetched successfully
2022-03-10 17:33:32.010  INFO 13428 --- [http-nio-8086-exec-2] c.t.t.service.TweetServiceImpl           : All tweets fetched successfully
2022-03-10 18:04:02.881  INFO 13428 --- [RMI TCP Connection(125)-127.0.0.1] inMXBeanRegistrar$SpringApplicationAdmin : Application shutdown requested.
2022-03-10 18:04:18.347  INFO 13428 --- [RMI TCP Connection(125)-127.0.0.1] o.apache.catalina.core.StandardService   : Stopping service [Tomcat]
2022-03-10 18:04:19.605  INFO 13428 --- [RMI TCP Connection(125)-127.0.0.1] o.a.c.c.C.[.[.[/api/v1.0/tweets/tweet]   : Destroying Spring FrameworkServlet 'dispatcherServlet'
