2022-03-10 14:18:30.260  INFO 11388 --- [restartedMain] c.c.c.ConfigServicePropertySourceLocator : Fetching config from server at : http://localhost:8888
2022-03-10 14:18:32.169  INFO 11388 --- [restartedMain] c.c.c.ConfigServicePropertySourceLocator : Connect Timeout Exception on Url - http://localhost:8888. Will be trying the next url if available
2022-03-10 14:18:32.172  WARN 11388 --- [restartedMain] c.c.c.ConfigServicePropertySourceLocator : Could not locate PropertySource: I/O error on GET request for "http://localhost:8888/user-ms/default": Connection refused: no further information; nested exception is java.net.ConnectException: Connection refused: no further information
2022-03-10 14:18:32.179  INFO 11388 --- [restartedMain] c.t.userservice.UserServiceApplication   : No active profile set, falling back to default profiles: default
2022-03-10 14:19:32.688  INFO 11388 --- [restartedMain] o.s.cloud.context.scope.GenericScope     : BeanFactory id=e92a5c5f-457d-3331-bf15-842fe2b48516
2022-03-10 14:19:53.502  INFO 11388 --- [restartedMain] o.s.b.w.embedded.tomcat.TomcatWebServer  : Tomcat initialized with port(s): 8085 (http)
2022-03-10 14:19:53.581  INFO 11388 --- [restartedMain] o.apache.catalina.core.StandardService   : Starting service [Tomcat]
2022-03-10 14:19:53.585  INFO 11388 --- [restartedMain] org.apache.catalina.core.StandardEngine  : Starting Servlet engine: [Apache Tomcat/9.0.56]
2022-03-10 14:20:12.767  INFO 11388 --- [restartedMain] o.a.c.c.C.[.[.[/api/v1.0/tweets/user]    : Initializing Spring embedded WebApplicationContext
2022-03-10 14:20:12.769  INFO 11388 --- [restartedMain] w.s.c.ServletWebServerApplicationContext : Root WebApplicationContext: initialization completed in 100413 ms
2022-03-10 14:20:29.637  INFO 11388 --- [restartedMain] o.s.b.d.a.OptionalLiveReloadServer       : LiveReload server is running on port 35777
2022-03-10 14:22:16.460  INFO 11388 --- [restartedMain] o.s.b.a.e.web.EndpointLinksResolver      : Exposing 17 endpoint(s) beneath base path '/actuator'
2022-03-10 14:22:26.404  INFO 11388 --- [restartedMain] o.s.b.w.embedded.tomcat.TomcatWebServer  : Tomcat started on port(s): 8085 (http) with context path '/api/v1.0/tweets/user'
2022-03-10 14:22:27.861  INFO 11388 --- [restartedMain] c.t.userservice.UserServiceApplication   : Started UserServiceApplication in 300.104 seconds (JVM running for 391.585)
2022-03-10 14:44:15.390  INFO 11388 --- [http-nio-8085-exec-1] o.a.c.c.C.[.[.[/api/v1.0/tweets/user]    : Initializing Spring DispatcherServlet 'dispatcherServlet'
2022-03-10 14:44:15.635  INFO 11388 --- [http-nio-8085-exec-1] o.s.web.servlet.DispatcherServlet        : Initializing Servlet 'dispatcherServlet'
2022-03-10 14:44:19.007  INFO 11388 --- [http-nio-8085-exec-1] o.s.web.servlet.DispatcherServlet        : Completed initialization in 3363 ms
2022-03-10 14:44:43.767 ERROR 11388 --- [http-nio-8085-exec-2] o.a.c.c.C.[.[.[.0.[dispatcherServlet]    : Servlet.service() for servlet [dispatcherServlet] in context with path [/api/v1.0/tweets/user] threw exception [Request processing failed; nested exception is com.amazonaws.services.dynamodbv2.datamodeling.DynamoDBMappingException: UserAccount[tweets]; could not unconvert attribute] with root cause

java.lang.NullPointerException: Cannot invoke "java.lang.reflect.Method.invoke(Object, Object[])" because "this.setter" is null
	at com.amazonaws.services.dynamodbv2.datamodeling.StandardBeanProperties$MethodReflect.set(StandardBeanProperties.java:133) ~[aws-java-sdk-dynamodb-1.12.172.jar:na]
	at com.amazonaws.services.dynamodbv2.datamodeling.DynamoDBMapperFieldModel.set(DynamoDBMapperFieldModel.java:111) ~[aws-java-sdk-dynamodb-1.12.172.jar:na]
	at com.amazonaws.services.dynamodbv2.datamodeling.DynamoDBMapperFieldModel.unconvertAndSet(DynamoDBMapperFieldModel.java:164) ~[aws-java-sdk-dynamodb-1.12.172.jar:na]
	at com.amazonaws.services.dynamodbv2.datamodeling.DynamoDBMapperTableModel.unconvert(DynamoDBMapperTableModel.java:267) ~[aws-java-sdk-dynamodb-1.12.172.jar:na]
	at com.amazonaws.services.dynamodbv2.datamodeling.StandardModelFactories$Rules$ObjectDocumentMap$1.unconvert(StandardModelFactories.java:633) ~[aws-java-sdk-dynamodb-1.12.172.jar:na]
	at com.amazonaws.services.dynamodbv2.datamodeling.StandardModelFactories$Rules$ObjectDocumentMap$1.unconvert(StandardModelFactories.java:628) ~[aws-java-sdk-dynamodb-1.12.172.jar:na]
	at com.amazonaws.services.dynamodbv2.datamodeling.DynamoDBTypeConverter$DelegateConverter.unconvert(DynamoDBTypeConverter.java:109) ~[aws-java-sdk-dynamodb-1.12.172.jar:na]
	at com.amazonaws.services.dynamodbv2.datamodeling.DynamoDBTypeConverter$NullSafeConverter.unconvert(DynamoDBTypeConverter.java:128) ~[aws-java-sdk-dynamodb-1.12.172.jar:na]
	at com.amazonaws.services.dynamodbv2.datamodeling.DynamoDBTypeConverter$ExtendedConverter.unconvert(DynamoDBTypeConverter.java:88) ~[aws-java-sdk-dynamodb-1.12.172.jar:na]
	at com.amazonaws.services.dynamodbv2.datamodeling.DynamoDBTypeConverter$DelegateConverter.unconvert(DynamoDBTypeConverter.java:109) ~[aws-java-sdk-dynamodb-1.12.172.jar:na]
	at com.amazonaws.services.dynamodbv2.datamodeling.StandardTypeConverters$Vector$ToList.unconvert(StandardTypeConverters.java:393) ~[aws-java-sdk-dynamodb-1.12.172.jar:na]
	at com.amazonaws.services.dynamodbv2.datamodeling.StandardTypeConverters$Vector$ToList$1.unconvert(StandardTypeConverters.java:377) ~[aws-java-sdk-dynamodb-1.12.172.jar:na]
	at com.amazonaws.services.dynamodbv2.datamodeling.StandardTypeConverters$Vector$ToList$1.unconvert(StandardTypeConverters.java:370) ~[aws-java-sdk-dynamodb-1.12.172.jar:na]
	at com.amazonaws.services.dynamodbv2.datamodeling.DynamoDBTypeConverter$DelegateConverter.unconvert(DynamoDBTypeConverter.java:109) ~[aws-java-sdk-dynamodb-1.12.172.jar:na]
	at com.amazonaws.services.dynamodbv2.datamodeling.DynamoDBTypeConverter$NullSafeConverter.unconvert(DynamoDBTypeConverter.java:128) ~[aws-java-sdk-dynamodb-1.12.172.jar:na]
	at com.amazonaws.services.dynamodbv2.datamodeling.DynamoDBTypeConverter$ExtendedConverter.unconvert(DynamoDBTypeConverter.java:88) ~[aws-java-sdk-dynamodb-1.12.172.jar:na]
	at com.amazonaws.services.dynamodbv2.datamodeling.DynamoDBMapperFieldModel.unconvert(DynamoDBMapperFieldModel.java:146) ~[aws-java-sdk-dynamodb-1.12.172.jar:na]
	at com.amazonaws.services.dynamodbv2.datamodeling.DynamoDBMapperFieldModel.unconvertAndSet(DynamoDBMapperFieldModel.java:164) ~[aws-java-sdk-dynamodb-1.12.172.jar:na]
	at com.amazonaws.services.dynamodbv2.datamodeling.DynamoDBMapperTableModel.unconvert(DynamoDBMapperTableModel.java:267) ~[aws-java-sdk-dynamodb-1.12.172.jar:na]
	at com.amazonaws.services.dynamodbv2.datamodeling.DynamoDBMapper.privateMarshallIntoObject(DynamoDBMapper.java:472) ~[aws-java-sdk-dynamodb-1.12.172.jar:na]
	at com.amazonaws.services.dynamodbv2.datamodeling.DynamoDBMapper.marshallIntoObjects(DynamoDBMapper.java:500) ~[aws-java-sdk-dynamodb-1.12.172.jar:na]
	at com.amazonaws.services.dynamodbv2.datamodeling.PaginatedScanList.<init>(PaginatedScanList.java:64) ~[aws-java-sdk-dynamodb-1.12.172.jar:na]
	at com.amazonaws.services.dynamodbv2.datamodeling.DynamoDBMapper.scan(DynamoDBMapper.java:1571) ~[aws-java-sdk-dynamodb-1.12.172.jar:na]
	at com.amazonaws.services.dynamodbv2.datamodeling.AbstractDynamoDBMapper.scan(AbstractDynamoDBMapper.java:236) ~[aws-java-sdk-dynamodb-1.12.172.jar:na]
	at com.tweetapp.userservice.repository.UserRepository.findByEmailId(UserRepository.java:21) ~[classes/:na]
	at com.tweetapp.userservice.repository.UserRepository$$FastClassBySpringCGLIB$$8fe42f04.invoke(<generated>) ~[classes/:na]
	at org.springframework.cglib.proxy.MethodProxy.invoke(MethodProxy.java:218) ~[spring-core-5.3.14.jar:5.3.14]
	at org.springframework.aop.framework.CglibAopProxy$CglibMethodInvocation.invokeJoinpoint(CglibAopProxy.java:783) ~[spring-aop-5.3.14.jar:5.3.14]
	at org.springframework.aop.framework.ReflectiveMethodInvocation.proceed(ReflectiveMethodInvocation.java:163) ~[spring-aop-5.3.14.jar:5.3.14]
	at org.springframework.aop.framework.CglibAopProxy$CglibMethodInvocation.proceed(CglibAopProxy.java:753) ~[spring-aop-5.3.14.jar:5.3.14]
	at org.springframework.dao.support.PersistenceExceptionTranslationInterceptor.invoke(PersistenceExceptionTranslationInterceptor.java:137) ~[spring-tx-5.3.14.jar:5.3.14]
	at org.springframework.aop.framework.ReflectiveMethodInvocation.proceed(ReflectiveMethodInvocation.java:186) ~[spring-aop-5.3.14.jar:5.3.14]
	at org.springframework.aop.framework.CglibAopProxy$CglibMethodInvocation.proceed(CglibAopProxy.java:753) ~[spring-aop-5.3.14.jar:5.3.14]
	at org.springframework.aop.framework.CglibAopProxy$DynamicAdvisedInterceptor.intercept(CglibAopProxy.java:698) ~[spring-aop-5.3.14.jar:5.3.14]
	at com.tweetapp.userservice.repository.UserRepository$$EnhancerBySpringCGLIB$$7008b8da.findByEmailId(<generated>) ~[classes/:na]
	at com.tweetapp.userservice.service.UserAccountService.registerUser(UserAccountService.java:65) ~[classes/:na]
	at com.tweetapp.userservice.controller.UserAccountController.register(UserAccountController.java:56) ~[classes/:na]
	at java.base/jdk.internal.reflect.NativeMethodAccessorImpl.invoke0(Native Method) ~[na:na]
	at java.base/jdk.internal.reflect.NativeMethodAccessorImpl.invoke(NativeMethodAccessorImpl.java:78) ~[na:na]
	at java.base/jdk.internal.reflect.DelegatingMethodAccessorImpl.invoke(DelegatingMethodAccessorImpl.java:43) ~[na:na]
	at java.base/java.lang.reflect.Method.invoke(Method.java:567) ~[na:na]
	at org.springframework.web.method.support.InvocableHandlerMethod.doInvoke(InvocableHandlerMethod.java:205) ~[spring-web-5.3.14.jar:5.3.14]
	at org.springframework.web.method.support.InvocableHandlerMethod.invokeForRequest(InvocableHandlerMethod.java:150) ~[spring-web-5.3.14.jar:5.3.14]
	at org.springframework.web.servlet.mvc.method.annotation.ServletInvocableHandlerMethod.invokeAndHandle(ServletInvocableHandlerMethod.java:117) ~[spring-webmvc-5.3.14.jar:5.3.14]
	at org.springframework.web.servlet.mvc.method.annotation.RequestMappingHandlerAdapter.invokeHandlerMethod(RequestMappingHandlerAdapter.java:895) ~[spring-webmvc-5.3.14.jar:5.3.14]
	at org.springframework.web.servlet.mvc.method.annotation.RequestMappingHandlerAdapter.handleInternal(RequestMappingHandlerAdapter.java:808) ~[spring-webmvc-5.3.14.jar:5.3.14]
	at org.springframework.web.servlet.mvc.method.AbstractHandlerMethodAdapter.handle(AbstractHandlerMethodAdapter.java:87) ~[spring-webmvc-5.3.14.jar:5.3.14]
	at org.springframework.web.servlet.DispatcherServlet.doDispatch(DispatcherServlet.java:1067) ~[spring-webmvc-5.3.14.jar:5.3.14]
	at org.springframework.web.servlet.DispatcherServlet.doService(DispatcherServlet.java:963) ~[spring-webmvc-5.3.14.jar:5.3.14]
	at org.springframework.web.servlet.FrameworkServlet.processRequest(FrameworkServlet.java:1006) ~[spring-webmvc-5.3.14.jar:5.3.14]
	at org.springframework.web.servlet.FrameworkServlet.doPost(FrameworkServlet.java:909) ~[spring-webmvc-5.3.14.jar:5.3.14]
	at javax.servlet.http.HttpServlet.service(HttpServlet.java:681) ~[tomcat-embed-core-9.0.56.jar:4.0.FR]
	at org.springframework.web.servlet.FrameworkServlet.service(FrameworkServlet.java:883) ~[spring-webmvc-5.3.14.jar:5.3.14]
	at javax.servlet.http.HttpServlet.service(HttpServlet.java:764) ~[tomcat-embed-core-9.0.56.jar:4.0.FR]
	at org.apache.catalina.core.ApplicationFilterChain.internalDoFilter(ApplicationFilterChain.java:227) ~[tomcat-embed-core-9.0.56.jar:9.0.56]
	at org.apache.catalina.core.ApplicationFilterChain.doFilter(ApplicationFilterChain.java:162) ~[tomcat-embed-core-9.0.56.jar:9.0.56]
	at org.apache.tomcat.websocket.server.WsFilter.doFilter(WsFilter.java:53) ~[tomcat-embed-websocket-9.0.56.jar:9.0.56]
	at org.apache.catalina.core.ApplicationFilterChain.internalDoFilter(ApplicationFilterChain.java:189) ~[tomcat-embed-core-9.0.56.jar:9.0.56]
	at org.apache.catalina.core.ApplicationFilterChain.doFilter(ApplicationFilterChain.java:162) ~[tomcat-embed-core-9.0.56.jar:9.0.56]
	at org.springframework.web.filter.RequestContextFilter.doFilterInternal(RequestContextFilter.java:100) ~[spring-web-5.3.14.jar:5.3.14]
	at org.springframework.web.filter.OncePerRequestFilter.doFilter(OncePerRequestFilter.java:117) ~[spring-web-5.3.14.jar:5.3.14]
	at org.apache.catalina.core.ApplicationFilterChain.internalDoFilter(ApplicationFilterChain.java:189) ~[tomcat-embed-core-9.0.56.jar:9.0.56]
	at org.apache.catalina.core.ApplicationFilterChain.doFilter(ApplicationFilterChain.java:162) ~[tomcat-embed-core-9.0.56.jar:9.0.56]
	at org.springframework.web.filter.FormContentFilter.doFilterInternal(FormContentFilter.java:93) ~[spring-web-5.3.14.jar:5.3.14]
	at org.springframework.web.filter.OncePerRequestFilter.doFilter(OncePerRequestFilter.java:117) ~[spring-web-5.3.14.jar:5.3.14]
	at org.apache.catalina.core.ApplicationFilterChain.internalDoFilter(ApplicationFilterChain.java:189) ~[tomcat-embed-core-9.0.56.jar:9.0.56]
	at org.apache.catalina.core.ApplicationFilterChain.doFilter(ApplicationFilterChain.java:162) ~[tomcat-embed-core-9.0.56.jar:9.0.56]
	at org.springframework.boot.actuate.metrics.web.servlet.WebMvcMetricsFilter.doFilterInternal(WebMvcMetricsFilter.java:96) ~[spring-boot-actuator-2.6.2.jar:2.6.2]
	at org.springframework.web.filter.OncePerRequestFilter.doFilter(OncePerRequestFilter.java:117) ~[spring-web-5.3.14.jar:5.3.14]
	at org.apache.catalina.core.ApplicationFilterChain.internalDoFilter(ApplicationFilterChain.java:189) ~[tomcat-embed-core-9.0.56.jar:9.0.56]
	at org.apache.catalina.core.ApplicationFilterChain.doFilter(ApplicationFilterChain.java:162) ~[tomcat-embed-core-9.0.56.jar:9.0.56]
	at org.springframework.web.filter.CharacterEncodingFilter.doFilterInternal(CharacterEncodingFilter.java:201) ~[spring-web-5.3.14.jar:5.3.14]
	at org.springframework.web.filter.OncePerRequestFilter.doFilter(OncePerRequestFilter.java:117) ~[spring-web-5.3.14.jar:5.3.14]
	at org.apache.catalina.core.ApplicationFilterChain.internalDoFilter(ApplicationFilterChain.java:189) ~[tomcat-embed-core-9.0.56.jar:9.0.56]
	at org.apache.catalina.core.ApplicationFilterChain.doFilter(ApplicationFilterChain.java:162) ~[tomcat-embed-core-9.0.56.jar:9.0.56]
	at org.apache.catalina.core.StandardWrapperValve.invoke(StandardWrapperValve.java:197) ~[tomcat-embed-core-9.0.56.jar:9.0.56]
	at org.apache.catalina.core.StandardContextValve.invoke(StandardContextValve.java:97) ~[tomcat-embed-core-9.0.56.jar:9.0.56]
	at org.apache.catalina.authenticator.AuthenticatorBase.invoke(AuthenticatorBase.java:540) ~[tomcat-embed-core-9.0.56.jar:9.0.56]
	at org.apache.catalina.core.StandardHostValve.invoke(StandardHostValve.java:135) ~[tomcat-embed-core-9.0.56.jar:9.0.56]
	at org.apache.catalina.valves.ErrorReportValve.invoke(ErrorReportValve.java:92) ~[tomcat-embed-core-9.0.56.jar:9.0.56]
	at org.apache.catalina.core.StandardEngineValve.invoke(StandardEngineValve.java:78) ~[tomcat-embed-core-9.0.56.jar:9.0.56]
	at org.apache.catalina.connector.CoyoteAdapter.service(CoyoteAdapter.java:357) ~[tomcat-embed-core-9.0.56.jar:9.0.56]
	at org.apache.coyote.http11.Http11Processor.service(Http11Processor.java:382) ~[tomcat-embed-core-9.0.56.jar:9.0.56]
	at org.apache.coyote.AbstractProcessorLight.process(AbstractProcessorLight.java:65) ~[tomcat-embed-core-9.0.56.jar:9.0.56]
	at org.apache.coyote.AbstractProtocol$ConnectionHandler.process(AbstractProtocol.java:895) ~[tomcat-embed-core-9.0.56.jar:9.0.56]
	at org.apache.tomcat.util.net.NioEndpoint$SocketProcessor.doRun(NioEndpoint.java:1732) ~[tomcat-embed-core-9.0.56.jar:9.0.56]
	at org.apache.tomcat.util.net.SocketProcessorBase.run(SocketProcessorBase.java:49) ~[tomcat-embed-core-9.0.56.jar:9.0.56]
	at org.apache.tomcat.util.threads.ThreadPoolExecutor.runWorker(ThreadPoolExecutor.java:1191) ~[tomcat-embed-core-9.0.56.jar:9.0.56]
	at org.apache.tomcat.util.threads.ThreadPoolExecutor$Worker.run(ThreadPoolExecutor.java:659) ~[tomcat-embed-core-9.0.56.jar:9.0.56]
	at org.apache.tomcat.util.threads.TaskThread$WrappingRunnable.run(TaskThread.java:61) ~[tomcat-embed-core-9.0.56.jar:9.0.56]
	at java.base/java.lang.Thread.run(Thread.java:831) ~[na:na]

2022-03-10 14:48:44.122  INFO 11388 --- [RMI TCP Connection(43)-127.0.0.1] inMXBeanRegistrar$SpringApplicationAdmin : Application shutdown requested.
2022-03-10 14:48:46.406  INFO 11388 --- [RMI TCP Connection(43)-127.0.0.1] o.apache.catalina.core.StandardService   : Stopping service [Tomcat]
2022-03-10 14:48:47.332  INFO 11388 --- [RMI TCP Connection(43)-127.0.0.1] o.a.c.c.C.[.[.[/api/v1.0/tweets/user]    : Destroying Spring FrameworkServlet 'dispatcherServlet'
2022-03-10 15:02:57.866  INFO 8860 --- [restartedMain] c.c.c.ConfigServicePropertySourceLocator : Fetching config from server at : http://localhost:8888
2022-03-10 15:02:58.249  INFO 8860 --- [restartedMain] c.c.c.ConfigServicePropertySourceLocator : Connect Timeout Exception on Url - http://localhost:8888. Will be trying the next url if available
2022-03-10 15:02:58.252  WARN 8860 --- [restartedMain] c.c.c.ConfigServicePropertySourceLocator : Could not locate PropertySource: I/O error on GET request for "http://localhost:8888/user-ms/default": Connection refused: no further information; nested exception is java.net.ConnectException: Connection refused: no further information
2022-03-10 15:02:58.260  INFO 8860 --- [restartedMain] c.t.userservice.UserServiceApplication   : No active profile set, falling back to default profiles: default
2022-03-10 15:03:04.473  INFO 8860 --- [restartedMain] o.s.cloud.context.scope.GenericScope     : BeanFactory id=e92a5c5f-457d-3331-bf15-842fe2b48516
2022-03-10 15:03:07.074  INFO 8860 --- [restartedMain] o.s.b.w.embedded.tomcat.TomcatWebServer  : Tomcat initialized with port(s): 8085 (http)
2022-03-10 15:03:07.113  INFO 8860 --- [restartedMain] o.apache.catalina.core.StandardService   : Starting service [Tomcat]
2022-03-10 15:03:07.114  INFO 8860 --- [restartedMain] org.apache.catalina.core.StandardEngine  : Starting Servlet engine: [Apache Tomcat/9.0.56]
2022-03-10 15:03:07.664  INFO 8860 --- [restartedMain] o.a.c.c.C.[.[.[/api/v1.0/tweets/user]    : Initializing Spring embedded WebApplicationContext
2022-03-10 15:03:07.666  INFO 8860 --- [restartedMain] w.s.c.ServletWebServerApplicationContext : Root WebApplicationContext: initialization completed in 9303 ms
2022-03-10 15:03:11.642  INFO 8860 --- [restartedMain] o.s.b.d.a.OptionalLiveReloadServer       : LiveReload server is running on port 35777
2022-03-10 15:03:29.556  INFO 8860 --- [restartedMain] o.s.b.a.e.web.EndpointLinksResolver      : Exposing 17 endpoint(s) beneath base path '/actuator'
2022-03-10 15:03:36.663  INFO 8860 --- [restartedMain] o.s.b.w.embedded.tomcat.TomcatWebServer  : Tomcat started on port(s): 8085 (http) with context path '/api/v1.0/tweets/user'
2022-03-10 15:03:39.080  INFO 8860 --- [restartedMain] c.t.userservice.UserServiceApplication   : Started UserServiceApplication in 45.97 seconds (JVM running for 57.739)
2022-03-10 15:03:49.888  INFO 8860 --- [RMI TCP Connection(1)-127.0.0.1] o.a.c.c.C.[.[.[/api/v1.0/tweets/user]    : Initializing Spring DispatcherServlet 'dispatcherServlet'
2022-03-10 15:03:49.892  INFO 8860 --- [RMI TCP Connection(1)-127.0.0.1] o.s.web.servlet.DispatcherServlet        : Initializing Servlet 'dispatcherServlet'
2022-03-10 15:03:49.899  INFO 8860 --- [RMI TCP Connection(1)-127.0.0.1] o.s.web.servlet.DispatcherServlet        : Completed initialization in 6 ms
2022-03-10 15:04:05.072 ERROR 8860 --- [http-nio-8085-exec-1] o.a.c.c.C.[.[.[.0.[dispatcherServlet]    : Servlet.service() for servlet [dispatcherServlet] in context with path [/api/v1.0/tweets/user] threw exception [Request processing failed; nested exception is com.amazonaws.services.dynamodbv2.datamodeling.DynamoDBMappingException: UserAccount[tweets]; could not unconvert attribute] with root cause

com.amazonaws.services.dynamodbv2.datamodeling.DynamoDBMappingException: expected N in value {L: [{S: string,}],}
	at com.amazonaws.services.dynamodbv2.datamodeling.StandardModelFactories$AbstractRule.unconvert(StandardModelFactories.java:716) ~[aws-java-sdk-dynamodb-1.12.172.jar:na]
	at com.amazonaws.services.dynamodbv2.datamodeling.StandardModelFactories$AbstractRule.unconvert(StandardModelFactories.java:691) ~[aws-java-sdk-dynamodb-1.12.172.jar:na]
	at com.amazonaws.services.dynamodbv2.datamodeling.DynamoDBTypeConverter$DelegateConverter.unconvert(DynamoDBTypeConverter.java:109) ~[aws-java-sdk-dynamodb-1.12.172.jar:na]
	at com.amazonaws.services.dynamodbv2.datamodeling.DynamoDBTypeConverter$NullSafeConverter.unconvert(DynamoDBTypeConverter.java:128) ~[aws-java-sdk-dynamodb-1.12.172.jar:na]
	at com.amazonaws.services.dynamodbv2.datamodeling.DynamoDBTypeConverter$ExtendedConverter.unconvert(DynamoDBTypeConverter.java:88) ~[aws-java-sdk-dynamodb-1.12.172.jar:na]
	at com.amazonaws.services.dynamodbv2.datamodeling.DynamoDBMapperFieldModel.unconvert(DynamoDBMapperFieldModel.java:146) ~[aws-java-sdk-dynamodb-1.12.172.jar:na]
	at com.amazonaws.services.dynamodbv2.datamodeling.DynamoDBMapperFieldModel.unconvertAndSet(DynamoDBMapperFieldModel.java:164) ~[aws-java-sdk-dynamodb-1.12.172.jar:na]
	at com.amazonaws.services.dynamodbv2.datamodeling.DynamoDBMapperTableModel.unconvert(DynamoDBMapperTableModel.java:267) ~[aws-java-sdk-dynamodb-1.12.172.jar:na]
	at com.amazonaws.services.dynamodbv2.datamodeling.StandardModelFactories$Rules$ObjectDocumentMap$1.unconvert(StandardModelFactories.java:633) ~[aws-java-sdk-dynamodb-1.12.172.jar:na]
	at com.amazonaws.services.dynamodbv2.datamodeling.StandardModelFactories$Rules$ObjectDocumentMap$1.unconvert(StandardModelFactories.java:628) ~[aws-java-sdk-dynamodb-1.12.172.jar:na]
	at com.amazonaws.services.dynamodbv2.datamodeling.DynamoDBTypeConverter$DelegateConverter.unconvert(DynamoDBTypeConverter.java:109) ~[aws-java-sdk-dynamodb-1.12.172.jar:na]
	at com.amazonaws.services.dynamodbv2.datamodeling.DynamoDBTypeConverter$NullSafeConverter.unconvert(DynamoDBTypeConverter.java:128) ~[aws-java-sdk-dynamodb-1.12.172.jar:na]
	at com.amazonaws.services.dynamodbv2.datamodeling.DynamoDBTypeConverter$ExtendedConverter.unconvert(DynamoDBTypeConverter.java:88) ~[aws-java-sdk-dynamodb-1.12.172.jar:na]
	at com.amazonaws.services.dynamodbv2.datamodeling.DynamoDBTypeConverter$DelegateConverter.unconvert(DynamoDBTypeConverter.java:109) ~[aws-java-sdk-dynamodb-1.12.172.jar:na]
	at com.amazonaws.services.dynamodbv2.datamodeling.StandardTypeConverters$Vector$ToList.unconvert(StandardTypeConverters.java:393) ~[aws-java-sdk-dynamodb-1.12.172.jar:na]
	at com.amazonaws.services.dynamodbv2.datamodeling.StandardTypeConverters$Vector$ToList$1.unconvert(StandardTypeConverters.java:377) ~[aws-java-sdk-dynamodb-1.12.172.jar:na]
	at com.amazonaws.services.dynamodbv2.datamodeling.StandardTypeConverters$Vector$ToList$1.unconvert(StandardTypeConverters.java:370) ~[aws-java-sdk-dynamodb-1.12.172.jar:na]
	at com.amazonaws.services.dynamodbv2.datamodeling.DynamoDBTypeConverter$DelegateConverter.unconvert(DynamoDBTypeConverter.java:109) ~[aws-java-sdk-dynamodb-1.12.172.jar:na]
	at com.amazonaws.services.dynamodbv2.datamodeling.DynamoDBTypeConverter$NullSafeConverter.unconvert(DynamoDBTypeConverter.java:128) ~[aws-java-sdk-dynamodb-1.12.172.jar:na]
	at com.amazonaws.services.dynamodbv2.datamodeling.DynamoDBTypeConverter$ExtendedConverter.unconvert(DynamoDBTypeConverter.java:88) ~[aws-java-sdk-dynamodb-1.12.172.jar:na]
	at com.amazonaws.services.dynamodbv2.datamodeling.DynamoDBMapperFieldModel.unconvert(DynamoDBMapperFieldModel.java:146) ~[aws-java-sdk-dynamodb-1.12.172.jar:na]
	at com.amazonaws.services.dynamodbv2.datamodeling.DynamoDBMapperFieldModel.unconvertAndSet(DynamoDBMapperFieldModel.java:164) ~[aws-java-sdk-dynamodb-1.12.172.jar:na]
	at com.amazonaws.services.dynamodbv2.datamodeling.DynamoDBMapperTableModel.unconvert(DynamoDBMapperTableModel.java:267) ~[aws-java-sdk-dynamodb-1.12.172.jar:na]
	at com.amazonaws.services.dynamodbv2.datamodeling.DynamoDBMapper.privateMarshallIntoObject(DynamoDBMapper.java:472) ~[aws-java-sdk-dynamodb-1.12.172.jar:na]
	at com.amazonaws.services.dynamodbv2.datamodeling.DynamoDBMapper.marshallIntoObjects(DynamoDBMapper.java:500) ~[aws-java-sdk-dynamodb-1.12.172.jar:na]
	at com.amazonaws.services.dynamodbv2.datamodeling.PaginatedScanList.<init>(PaginatedScanList.java:64) ~[aws-java-sdk-dynamodb-1.12.172.jar:na]
	at com.amazonaws.services.dynamodbv2.datamodeling.DynamoDBMapper.scan(DynamoDBMapper.java:1571) ~[aws-java-sdk-dynamodb-1.12.172.jar:na]
	at com.amazonaws.services.dynamodbv2.datamodeling.AbstractDynamoDBMapper.scan(AbstractDynamoDBMapper.java:236) ~[aws-java-sdk-dynamodb-1.12.172.jar:na]
	at com.tweetapp.userservice.repository.UserRepository.findByEmailId(UserRepository.java:21) ~[classes/:na]
	at com.tweetapp.userservice.repository.UserRepository$$FastClassBySpringCGLIB$$8fe42f04.invoke(<generated>) ~[classes/:na]
	at org.springframework.cglib.proxy.MethodProxy.invoke(MethodProxy.java:218) ~[spring-core-5.3.14.jar:5.3.14]
	at org.springframework.aop.framework.CglibAopProxy$CglibMethodInvocation.invokeJoinpoint(CglibAopProxy.java:783) ~[spring-aop-5.3.14.jar:5.3.14]
	at org.springframework.aop.framework.ReflectiveMethodInvocation.proceed(ReflectiveMethodInvocation.java:163) ~[spring-aop-5.3.14.jar:5.3.14]
	at org.springframework.aop.framework.CglibAopProxy$CglibMethodInvocation.proceed(CglibAopProxy.java:753) ~[spring-aop-5.3.14.jar:5.3.14]
	at org.springframework.dao.support.PersistenceExceptionTranslationInterceptor.invoke(PersistenceExceptionTranslationInterceptor.java:137) ~[spring-tx-5.3.14.jar:5.3.14]
	at org.springframework.aop.framework.ReflectiveMethodInvocation.proceed(ReflectiveMethodInvocation.java:186) ~[spring-aop-5.3.14.jar:5.3.14]
	at org.springframework.aop.framework.CglibAopProxy$CglibMethodInvocation.proceed(CglibAopProxy.java:753) ~[spring-aop-5.3.14.jar:5.3.14]
	at org.springframework.aop.framework.CglibAopProxy$DynamicAdvisedInterceptor.intercept(CglibAopProxy.java:698) ~[spring-aop-5.3.14.jar:5.3.14]
	at com.tweetapp.userservice.repository.UserRepository$$EnhancerBySpringCGLIB$$45fac55e.findByEmailId(<generated>) ~[classes/:na]
	at com.tweetapp.userservice.service.UserAccountService.registerUser(UserAccountService.java:65) ~[classes/:na]
	at com.tweetapp.userservice.controller.UserAccountController.register(UserAccountController.java:56) ~[classes/:na]
	at java.base/jdk.internal.reflect.NativeMethodAccessorImpl.invoke0(Native Method) ~[na:na]
	at java.base/jdk.internal.reflect.NativeMethodAccessorImpl.invoke(NativeMethodAccessorImpl.java:78) ~[na:na]
	at java.base/jdk.internal.reflect.DelegatingMethodAccessorImpl.invoke(DelegatingMethodAccessorImpl.java:43) ~[na:na]
	at java.base/java.lang.reflect.Method.invoke(Method.java:567) ~[na:na]
	at org.springframework.web.method.support.InvocableHandlerMethod.doInvoke(InvocableHandlerMethod.java:205) ~[spring-web-5.3.14.jar:5.3.14]
	at org.springframework.web.method.support.InvocableHandlerMethod.invokeForRequest(InvocableHandlerMethod.java:150) ~[spring-web-5.3.14.jar:5.3.14]
	at org.springframework.web.servlet.mvc.method.annotation.ServletInvocableHandlerMethod.invokeAndHandle(ServletInvocableHandlerMethod.java:117) ~[spring-webmvc-5.3.14.jar:5.3.14]
	at org.springframework.web.servlet.mvc.method.annotation.RequestMappingHandlerAdapter.invokeHandlerMethod(RequestMappingHandlerAdapter.java:895) ~[spring-webmvc-5.3.14.jar:5.3.14]
	at org.springframework.web.servlet.mvc.method.annotation.RequestMappingHandlerAdapter.handleInternal(RequestMappingHandlerAdapter.java:808) ~[spring-webmvc-5.3.14.jar:5.3.14]
	at org.springframework.web.servlet.mvc.method.AbstractHandlerMethodAdapter.handle(AbstractHandlerMethodAdapter.java:87) ~[spring-webmvc-5.3.14.jar:5.3.14]
	at org.springframework.web.servlet.DispatcherServlet.doDispatch(DispatcherServlet.java:1067) ~[spring-webmvc-5.3.14.jar:5.3.14]
	at org.springframework.web.servlet.DispatcherServlet.doService(DispatcherServlet.java:963) ~[spring-webmvc-5.3.14.jar:5.3.14]
	at org.springframework.web.servlet.FrameworkServlet.processRequest(FrameworkServlet.java:1006) ~[spring-webmvc-5.3.14.jar:5.3.14]
	at org.springframework.web.servlet.FrameworkServlet.doPost(FrameworkServlet.java:909) ~[spring-webmvc-5.3.14.jar:5.3.14]
	at javax.servlet.http.HttpServlet.service(HttpServlet.java:681) ~[tomcat-embed-core-9.0.56.jar:4.0.FR]
	at org.springframework.web.servlet.FrameworkServlet.service(FrameworkServlet.java:883) ~[spring-webmvc-5.3.14.jar:5.3.14]
	at javax.servlet.http.HttpServlet.service(HttpServlet.java:764) ~[tomcat-embed-core-9.0.56.jar:4.0.FR]
	at org.apache.catalina.core.ApplicationFilterChain.internalDoFilter(ApplicationFilterChain.java:227) ~[tomcat-embed-core-9.0.56.jar:9.0.56]
	at org.apache.catalina.core.ApplicationFilterChain.doFilter(ApplicationFilterChain.java:162) ~[tomcat-embed-core-9.0.56.jar:9.0.56]
	at org.apache.tomcat.websocket.server.WsFilter.doFilter(WsFilter.java:53) ~[tomcat-embed-websocket-9.0.56.jar:9.0.56]
	at org.apache.catalina.core.ApplicationFilterChain.internalDoFilter(ApplicationFilterChain.java:189) ~[tomcat-embed-core-9.0.56.jar:9.0.56]
	at org.apache.catalina.core.ApplicationFilterChain.doFilter(ApplicationFilterChain.java:162) ~[tomcat-embed-core-9.0.56.jar:9.0.56]
	at org.springframework.web.filter.RequestContextFilter.doFilterInternal(RequestContextFilter.java:100) ~[spring-web-5.3.14.jar:5.3.14]
	at org.springframework.web.filter.OncePerRequestFilter.doFilter(OncePerRequestFilter.java:117) ~[spring-web-5.3.14.jar:5.3.14]
	at org.apache.catalina.core.ApplicationFilterChain.internalDoFilter(ApplicationFilterChain.java:189) ~[tomcat-embed-core-9.0.56.jar:9.0.56]
	at org.apache.catalina.core.ApplicationFilterChain.doFilter(ApplicationFilterChain.java:162) ~[tomcat-embed-core-9.0.56.jar:9.0.56]
	at org.springframework.web.filter.FormContentFilter.doFilterInternal(FormContentFilter.java:93) ~[spring-web-5.3.14.jar:5.3.14]
	at org.springframework.web.filter.OncePerRequestFilter.doFilter(OncePerRequestFilter.java:117) ~[spring-web-5.3.14.jar:5.3.14]
	at org.apache.catalina.core.ApplicationFilterChain.internalDoFilter(ApplicationFilterChain.java:189) ~[tomcat-embed-core-9.0.56.jar:9.0.56]
	at org.apache.catalina.core.ApplicationFilterChain.doFilter(ApplicationFilterChain.java:162) ~[tomcat-embed-core-9.0.56.jar:9.0.56]
	at org.springframework.boot.actuate.metrics.web.servlet.WebMvcMetricsFilter.doFilterInternal(WebMvcMetricsFilter.java:96) ~[spring-boot-actuator-2.6.2.jar:2.6.2]
	at org.springframework.web.filter.OncePerRequestFilter.doFilter(OncePerRequestFilter.java:117) ~[spring-web-5.3.14.jar:5.3.14]
	at org.apache.catalina.core.ApplicationFilterChain.internalDoFilter(ApplicationFilterChain.java:189) ~[tomcat-embed-core-9.0.56.jar:9.0.56]
	at org.apache.catalina.core.ApplicationFilterChain.doFilter(ApplicationFilterChain.java:162) ~[tomcat-embed-core-9.0.56.jar:9.0.56]
	at org.springframework.web.filter.CharacterEncodingFilter.doFilterInternal(CharacterEncodingFilter.java:201) ~[spring-web-5.3.14.jar:5.3.14]
	at org.springframework.web.filter.OncePerRequestFilter.doFilter(OncePerRequestFilter.java:117) ~[spring-web-5.3.14.jar:5.3.14]
	at org.apache.catalina.core.ApplicationFilterChain.internalDoFilter(ApplicationFilterChain.java:189) ~[tomcat-embed-core-9.0.56.jar:9.0.56]
	at org.apache.catalina.core.ApplicationFilterChain.doFilter(ApplicationFilterChain.java:162) ~[tomcat-embed-core-9.0.56.jar:9.0.56]
	at org.apache.catalina.core.StandardWrapperValve.invoke(StandardWrapperValve.java:197) ~[tomcat-embed-core-9.0.56.jar:9.0.56]
	at org.apache.catalina.core.StandardContextValve.invoke(StandardContextValve.java:97) ~[tomcat-embed-core-9.0.56.jar:9.0.56]
	at org.apache.catalina.authenticator.AuthenticatorBase.invoke(AuthenticatorBase.java:540) ~[tomcat-embed-core-9.0.56.jar:9.0.56]
	at org.apache.catalina.core.StandardHostValve.invoke(StandardHostValve.java:135) ~[tomcat-embed-core-9.0.56.jar:9.0.56]
	at org.apache.catalina.valves.ErrorReportValve.invoke(ErrorReportValve.java:92) ~[tomcat-embed-core-9.0.56.jar:9.0.56]
	at org.apache.catalina.core.StandardEngineValve.invoke(StandardEngineValve.java:78) ~[tomcat-embed-core-9.0.56.jar:9.0.56]
	at org.apache.catalina.connector.CoyoteAdapter.service(CoyoteAdapter.java:357) ~[tomcat-embed-core-9.0.56.jar:9.0.56]
	at org.apache.coyote.http11.Http11Processor.service(Http11Processor.java:382) ~[tomcat-embed-core-9.0.56.jar:9.0.56]
	at org.apache.coyote.AbstractProcessorLight.process(AbstractProcessorLight.java:65) ~[tomcat-embed-core-9.0.56.jar:9.0.56]
	at org.apache.coyote.AbstractProtocol$ConnectionHandler.process(AbstractProtocol.java:895) ~[tomcat-embed-core-9.0.56.jar:9.0.56]
	at org.apache.tomcat.util.net.NioEndpoint$SocketProcessor.doRun(NioEndpoint.java:1732) ~[tomcat-embed-core-9.0.56.jar:9.0.56]
	at org.apache.tomcat.util.net.SocketProcessorBase.run(SocketProcessorBase.java:49) ~[tomcat-embed-core-9.0.56.jar:9.0.56]
	at org.apache.tomcat.util.threads.ThreadPoolExecutor.runWorker(ThreadPoolExecutor.java:1191) ~[tomcat-embed-core-9.0.56.jar:9.0.56]
	at org.apache.tomcat.util.threads.ThreadPoolExecutor$Worker.run(ThreadPoolExecutor.java:659) ~[tomcat-embed-core-9.0.56.jar:9.0.56]
	at org.apache.tomcat.util.threads.TaskThread$WrappingRunnable.run(TaskThread.java:61) ~[tomcat-embed-core-9.0.56.jar:9.0.56]
	at java.base/java.lang.Thread.run(Thread.java:831) ~[na:na]

2022-03-10 15:08:12.764 ERROR 8860 --- [http-nio-8085-exec-2] o.a.c.c.C.[.[.[.0.[dispatcherServlet]    : Servlet.service() for servlet [dispatcherServlet] in context with path [/api/v1.0/tweets/user] threw exception [Request processing failed; nested exception is com.amazonaws.services.dynamodbv2.model.ResourceNotFoundException: Requested resource not found (Service: AmazonDynamoDBv2; Status Code: 400; Error Code: ResourceNotFoundException; Request ID: H04G9LG896EI5UV0E9I9OBH5LJVV4KQNSO5AEMVJF66Q9ASUAAJG; Proxy: null)] with root cause

com.amazonaws.services.dynamodbv2.model.ResourceNotFoundException: Requested resource not found (Service: AmazonDynamoDBv2; Status Code: 400; Error Code: ResourceNotFoundException; Request ID: H04G9LG896EI5UV0E9I9OBH5LJVV4KQNSO5AEMVJF66Q9ASUAAJG; Proxy: null)
	at com.amazonaws.http.AmazonHttpClient$RequestExecutor.handleErrorResponse(AmazonHttpClient.java:1862) ~[aws-java-sdk-core-1.12.172.jar:na]
	at com.amazonaws.http.AmazonHttpClient$RequestExecutor.handleServiceErrorResponse(AmazonHttpClient.java:1415) ~[aws-java-sdk-core-1.12.172.jar:na]
	at com.amazonaws.http.AmazonHttpClient$RequestExecutor.executeOneRequest(AmazonHttpClient.java:1384) ~[aws-java-sdk-core-1.12.172.jar:na]
	at com.amazonaws.http.AmazonHttpClient$RequestExecutor.executeHelper(AmazonHttpClient.java:1154) ~[aws-java-sdk-core-1.12.172.jar:na]
	at com.amazonaws.http.AmazonHttpClient$RequestExecutor.doExecute(AmazonHttpClient.java:811) ~[aws-java-sdk-core-1.12.172.jar:na]
	at com.amazonaws.http.AmazonHttpClient$RequestExecutor.executeWithTimer(AmazonHttpClient.java:779) ~[aws-java-sdk-core-1.12.172.jar:na]
	at com.amazonaws.http.AmazonHttpClient$RequestExecutor.execute(AmazonHttpClient.java:753) ~[aws-java-sdk-core-1.12.172.jar:na]
	at com.amazonaws.http.AmazonHttpClient$RequestExecutor.access$500(AmazonHttpClient.java:713) ~[aws-java-sdk-core-1.12.172.jar:na]
	at com.amazonaws.http.AmazonHttpClient$RequestExecutionBuilderImpl.execute(AmazonHttpClient.java:695) ~[aws-java-sdk-core-1.12.172.jar:na]
	at com.amazonaws.http.AmazonHttpClient.execute(AmazonHttpClient.java:559) ~[aws-java-sdk-core-1.12.172.jar:na]
	at com.amazonaws.http.AmazonHttpClient.execute(AmazonHttpClient.java:539) ~[aws-java-sdk-core-1.12.172.jar:na]
	at com.amazonaws.services.dynamodbv2.AmazonDynamoDBClient.doInvoke(AmazonDynamoDBClient.java:6258) ~[aws-java-sdk-dynamodb-1.12.172.jar:na]
	at com.amazonaws.services.dynamodbv2.AmazonDynamoDBClient.invoke(AmazonDynamoDBClient.java:6225) ~[aws-java-sdk-dynamodb-1.12.172.jar:na]
	at com.amazonaws.services.dynamodbv2.AmazonDynamoDBClient.executeScan(AmazonDynamoDBClient.java:4364) ~[aws-java-sdk-dynamodb-1.12.172.jar:na]
	at com.amazonaws.services.dynamodbv2.AmazonDynamoDBClient.scan(AmazonDynamoDBClient.java:4328) ~[aws-java-sdk-dynamodb-1.12.172.jar:na]
	at com.amazonaws.services.dynamodbv2.datamodeling.DynamoDBMapper.scan(DynamoDBMapper.java:1570) ~[aws-java-sdk-dynamodb-1.12.172.jar:na]
	at com.amazonaws.services.dynamodbv2.datamodeling.AbstractDynamoDBMapper.scan(AbstractDynamoDBMapper.java:236) ~[aws-java-sdk-dynamodb-1.12.172.jar:na]
	at com.tweetapp.userservice.repository.UserRepository.findByEmailId(UserRepository.java:21) ~[classes/:na]
	at com.tweetapp.userservice.repository.UserRepository$$FastClassBySpringCGLIB$$8fe42f04.invoke(<generated>) ~[classes/:na]
	at org.springframework.cglib.proxy.MethodProxy.invoke(MethodProxy.java:218) ~[spring-core-5.3.14.jar:5.3.14]
	at org.springframework.aop.framework.CglibAopProxy$CglibMethodInvocation.invokeJoinpoint(CglibAopProxy.java:783) ~[spring-aop-5.3.14.jar:5.3.14]
	at org.springframework.aop.framework.ReflectiveMethodInvocation.proceed(ReflectiveMethodInvocation.java:163) ~[spring-aop-5.3.14.jar:5.3.14]
	at org.springframework.aop.framework.CglibAopProxy$CglibMethodInvocation.proceed(CglibAopProxy.java:753) ~[spring-aop-5.3.14.jar:5.3.14]
	at org.springframework.dao.support.PersistenceExceptionTranslationInterceptor.invoke(PersistenceExceptionTranslationInterceptor.java:137) ~[spring-tx-5.3.14.jar:5.3.14]
	at org.springframework.aop.framework.ReflectiveMethodInvocation.proceed(ReflectiveMethodInvocation.java:186) ~[spring-aop-5.3.14.jar:5.3.14]
	at org.springframework.aop.framework.CglibAopProxy$CglibMethodInvocation.proceed(CglibAopProxy.java:753) ~[spring-aop-5.3.14.jar:5.3.14]
	at org.springframework.aop.framework.CglibAopProxy$DynamicAdvisedInterceptor.intercept(CglibAopProxy.java:698) ~[spring-aop-5.3.14.jar:5.3.14]
	at com.tweetapp.userservice.repository.UserRepository$$EnhancerBySpringCGLIB$$45fac55e.findByEmailId(<generated>) ~[classes/:na]
	at com.tweetapp.userservice.service.UserAccountService.registerUser(UserAccountService.java:65) ~[classes/:na]
	at com.tweetapp.userservice.controller.UserAccountController.register(UserAccountController.java:56) ~[classes/:na]
	at java.base/jdk.internal.reflect.NativeMethodAccessorImpl.invoke0(Native Method) ~[na:na]
	at java.base/jdk.internal.reflect.NativeMethodAccessorImpl.invoke(NativeMethodAccessorImpl.java:78) ~[na:na]
	at java.base/jdk.internal.reflect.DelegatingMethodAccessorImpl.invoke(DelegatingMethodAccessorImpl.java:43) ~[na:na]
	at java.base/java.lang.reflect.Method.invoke(Method.java:567) ~[na:na]
	at org.springframework.web.method.support.InvocableHandlerMethod.doInvoke(InvocableHandlerMethod.java:205) ~[spring-web-5.3.14.jar:5.3.14]
	at org.springframework.web.method.support.InvocableHandlerMethod.invokeForRequest(InvocableHandlerMethod.java:150) ~[spring-web-5.3.14.jar:5.3.14]
	at org.springframework.web.servlet.mvc.method.annotation.ServletInvocableHandlerMethod.invokeAndHandle(ServletInvocableHandlerMethod.java:117) ~[spring-webmvc-5.3.14.jar:5.3.14]
	at org.springframework.web.servlet.mvc.method.annotation.RequestMappingHandlerAdapter.invokeHandlerMethod(RequestMappingHandlerAdapter.java:895) ~[spring-webmvc-5.3.14.jar:5.3.14]
	at org.springframework.web.servlet.mvc.method.annotation.RequestMappingHandlerAdapter.handleInternal(RequestMappingHandlerAdapter.java:808) ~[spring-webmvc-5.3.14.jar:5.3.14]
	at org.springframework.web.servlet.mvc.method.AbstractHandlerMethodAdapter.handle(AbstractHandlerMethodAdapter.java:87) ~[spring-webmvc-5.3.14.jar:5.3.14]
	at org.springframework.web.servlet.DispatcherServlet.doDispatch(DispatcherServlet.java:1067) ~[spring-webmvc-5.3.14.jar:5.3.14]
	at org.springframework.web.servlet.DispatcherServlet.doService(DispatcherServlet.java:963) ~[spring-webmvc-5.3.14.jar:5.3.14]
	at org.springframework.web.servlet.FrameworkServlet.processRequest(FrameworkServlet.java:1006) ~[spring-webmvc-5.3.14.jar:5.3.14]
	at org.springframework.web.servlet.FrameworkServlet.doPost(FrameworkServlet.java:909) ~[spring-webmvc-5.3.14.jar:5.3.14]
	at javax.servlet.http.HttpServlet.service(HttpServlet.java:681) ~[tomcat-embed-core-9.0.56.jar:4.0.FR]
	at org.springframework.web.servlet.FrameworkServlet.service(FrameworkServlet.java:883) ~[spring-webmvc-5.3.14.jar:5.3.14]
	at javax.servlet.http.HttpServlet.service(HttpServlet.java:764) ~[tomcat-embed-core-9.0.56.jar:4.0.FR]
	at org.apache.catalina.core.ApplicationFilterChain.internalDoFilter(ApplicationFilterChain.java:227) ~[tomcat-embed-core-9.0.56.jar:9.0.56]
	at org.apache.catalina.core.ApplicationFilterChain.doFilter(ApplicationFilterChain.java:162) ~[tomcat-embed-core-9.0.56.jar:9.0.56]
	at org.apache.tomcat.websocket.server.WsFilter.doFilter(WsFilter.java:53) ~[tomcat-embed-websocket-9.0.56.jar:9.0.56]
	at org.apache.catalina.core.ApplicationFilterChain.internalDoFilter(ApplicationFilterChain.java:189) ~[tomcat-embed-core-9.0.56.jar:9.0.56]
	at org.apache.catalina.core.ApplicationFilterChain.doFilter(ApplicationFilterChain.java:162) ~[tomcat-embed-core-9.0.56.jar:9.0.56]
	at org.springframework.web.filter.RequestContextFilter.doFilterInternal(RequestContextFilter.java:100) ~[spring-web-5.3.14.jar:5.3.14]
	at org.springframework.web.filter.OncePerRequestFilter.doFilter(OncePerRequestFilter.java:117) ~[spring-web-5.3.14.jar:5.3.14]
	at org.apache.catalina.core.ApplicationFilterChain.internalDoFilter(ApplicationFilterChain.java:189) ~[tomcat-embed-core-9.0.56.jar:9.0.56]
	at org.apache.catalina.core.ApplicationFilterChain.doFilter(ApplicationFilterChain.java:162) ~[tomcat-embed-core-9.0.56.jar:9.0.56]
	at org.springframework.web.filter.FormContentFilter.doFilterInternal(FormContentFilter.java:93) ~[spring-web-5.3.14.jar:5.3.14]
	at org.springframework.web.filter.OncePerRequestFilter.doFilter(OncePerRequestFilter.java:117) ~[spring-web-5.3.14.jar:5.3.14]
	at org.apache.catalina.core.ApplicationFilterChain.internalDoFilter(ApplicationFilterChain.java:189) ~[tomcat-embed-core-9.0.56.jar:9.0.56]
	at org.apache.catalina.core.ApplicationFilterChain.doFilter(ApplicationFilterChain.java:162) ~[tomcat-embed-core-9.0.56.jar:9.0.56]
	at org.springframework.boot.actuate.metrics.web.servlet.WebMvcMetricsFilter.doFilterInternal(WebMvcMetricsFilter.java:96) ~[spring-boot-actuator-2.6.2.jar:2.6.2]
	at org.springframework.web.filter.OncePerRequestFilter.doFilter(OncePerRequestFilter.java:117) ~[spring-web-5.3.14.jar:5.3.14]
	at org.apache.catalina.core.ApplicationFilterChain.internalDoFilter(ApplicationFilterChain.java:189) ~[tomcat-embed-core-9.0.56.jar:9.0.56]
	at org.apache.catalina.core.ApplicationFilterChain.doFilter(ApplicationFilterChain.java:162) ~[tomcat-embed-core-9.0.56.jar:9.0.56]
	at org.springframework.web.filter.CharacterEncodingFilter.doFilterInternal(CharacterEncodingFilter.java:201) ~[spring-web-5.3.14.jar:5.3.14]
	at org.springframework.web.filter.OncePerRequestFilter.doFilter(OncePerRequestFilter.java:117) ~[spring-web-5.3.14.jar:5.3.14]
	at org.apache.catalina.core.ApplicationFilterChain.internalDoFilter(ApplicationFilterChain.java:189) ~[tomcat-embed-core-9.0.56.jar:9.0.56]
	at org.apache.catalina.core.ApplicationFilterChain.doFilter(ApplicationFilterChain.java:162) ~[tomcat-embed-core-9.0.56.jar:9.0.56]
	at org.apache.catalina.core.StandardWrapperValve.invoke(StandardWrapperValve.java:197) ~[tomcat-embed-core-9.0.56.jar:9.0.56]
	at org.apache.catalina.core.StandardContextValve.invoke(StandardContextValve.java:97) ~[tomcat-embed-core-9.0.56.jar:9.0.56]
	at org.apache.catalina.authenticator.AuthenticatorBase.invoke(AuthenticatorBase.java:540) ~[tomcat-embed-core-9.0.56.jar:9.0.56]
	at org.apache.catalina.core.StandardHostValve.invoke(StandardHostValve.java:135) ~[tomcat-embed-core-9.0.56.jar:9.0.56]
	at org.apache.catalina.valves.ErrorReportValve.invoke(ErrorReportValve.java:92) ~[tomcat-embed-core-9.0.56.jar:9.0.56]
	at org.apache.catalina.core.StandardEngineValve.invoke(StandardEngineValve.java:78) ~[tomcat-embed-core-9.0.56.jar:9.0.56]
	at org.apache.catalina.connector.CoyoteAdapter.service(CoyoteAdapter.java:357) ~[tomcat-embed-core-9.0.56.jar:9.0.56]
	at org.apache.coyote.http11.Http11Processor.service(Http11Processor.java:382) ~[tomcat-embed-core-9.0.56.jar:9.0.56]
	at org.apache.coyote.AbstractProcessorLight.process(AbstractProcessorLight.java:65) ~[tomcat-embed-core-9.0.56.jar:9.0.56]
	at org.apache.coyote.AbstractProtocol$ConnectionHandler.process(AbstractProtocol.java:895) ~[tomcat-embed-core-9.0.56.jar:9.0.56]
	at org.apache.tomcat.util.net.NioEndpoint$SocketProcessor.doRun(NioEndpoint.java:1732) ~[tomcat-embed-core-9.0.56.jar:9.0.56]
	at org.apache.tomcat.util.net.SocketProcessorBase.run(SocketProcessorBase.java:49) ~[tomcat-embed-core-9.0.56.jar:9.0.56]
	at org.apache.tomcat.util.threads.ThreadPoolExecutor.runWorker(ThreadPoolExecutor.java:1191) ~[tomcat-embed-core-9.0.56.jar:9.0.56]
	at org.apache.tomcat.util.threads.ThreadPoolExecutor$Worker.run(ThreadPoolExecutor.java:659) ~[tomcat-embed-core-9.0.56.jar:9.0.56]
	at org.apache.tomcat.util.threads.TaskThread$WrappingRunnable.run(TaskThread.java:61) ~[tomcat-embed-core-9.0.56.jar:9.0.56]
	at java.base/java.lang.Thread.run(Thread.java:831) ~[na:na]

2022-03-10 15:10:54.397  INFO 8860 --- [http-nio-8085-exec-3] c.t.u.service.UserAccountService         : User details saved.
2022-03-10 15:57:51.166  INFO 8860 --- [http-nio-8085-exec-6] c.t.u.service.UserAccountService         : User details saved.
2022-03-10 16:15:28.878  INFO 8860 --- [http-nio-8085-exec-2] c.t.u.service.UserAccountService         : User details fetched.
2022-03-10 17:25:51.544  INFO 8860 --- [http-nio-8085-exec-4] c.t.u.service.UserAccountService         : User details fetched.
2022-03-10 17:27:08.818  INFO 8860 --- [http-nio-8085-exec-7] c.t.u.service.UserAccountService         : User details saved.
2022-03-10 18:15:53.806  INFO 8860 --- [RMI TCP Connection(205)-127.0.0.1] inMXBeanRegistrar$SpringApplicationAdmin : Application shutdown requested.
2022-03-10 18:16:28.271  INFO 8860 --- [RMI TCP Connection(205)-127.0.0.1] o.apache.catalina.core.StandardService   : Stopping service [Tomcat]
2022-03-10 18:16:32.828  INFO 8860 --- [RMI TCP Connection(205)-127.0.0.1] o.a.c.c.C.[.[.[/api/v1.0/tweets/user]    : Destroying Spring FrameworkServlet 'dispatcherServlet'
